[18:37:26] Created a temporary folder for file contents /var/folders/nx/rgjj8thn0slc1djlc09ngnqr0000gn/T/smithy-lsp9425817591104668350
[18:37:26] Recreating project from /Users/tiffanymesser/Code/Scala/ScalaBookApi/bookapi
[18:37:26] Imports from config: [/Users/tiffanymesser/Code/Scala/ScalaBookApi/bookapi] will be resolved against root /Users/tiffanymesser/Code/Scala/ScalaBookApi/bookapi
[18:37:26] Discovered smithy files: [/Users/tiffanymesser/Code/Scala/ScalaBookApi/bookapi/target/scala-3.2.2/src_managed/main/smithy/generated-metadata.smithy, /Users/tiffanymesser/Code/Scala/ScalaBookApi/bookapi/target/scala-3.2.2/resource_managed/main/META-INF/smithy/smithy4s.tracking.smithy, /Users/tiffanymesser/Code/Scala/ScalaBookApi/bookapi/target/scala-3.2.2/resource_managed/main/META-INF/smithy/_globals.smithy, /Users/tiffanymesser/Code/Scala/ScalaBookApi/bookapi/target/scala-3.2.2/resource_managed/main/META-INF/smithy/generated-metadata.smithy, /Users/tiffanymesser/Code/Scala/ScalaBookApi/bookapi/target/scala-3.2.2/resource_managed/main/META-INF/smithy/ExampleService.smithy, /Users/tiffanymesser/Code/Scala/ScalaBookApi/bookapi/target/scala-3.2.2/resource_managed/main/META-INF/smithy/Books.smithy, /Users/tiffanymesser/Code/Scala/ScalaBookApi/bookapi/src/main/smithy/_globals.smithy, /Users/tiffanymesser/Code/Scala/ScalaBookApi/bookapi/src/main/smithy/ExampleService.smithy, /Users/tiffanymesser/Code/Scala/ScalaBookApi/bookapi/src/main/smithy/Books.smithy]
[18:37:26] Downloading external dependencies for SmithyBuildExtensions(repositories = [], artifacts = [], imports = [])
[18:37:26] Downloaded external jars: []
[18:37:26] [NOTE] book.smithy#ForbiddenError: The structure shape is not connected to from any service shape. | UnreferencedShape /Users/tiffanymesser/Code/Scala/ScalaBookApi/bookapi/src/main/smithy/_globals.smithy:6:1
[18:37:26] [NOTE] book.smithy#StringSet: The list shape is not connected to from any service shape. | UnreferencedShape /Users/tiffanymesser/Code/Scala/ScalaBookApi/bookapi/src/main/smithy/_globals.smithy:33:1
[18:37:26] [NOTE] book.smithy#ConflictError: The structure shape is not connected to from any service shape. | UnreferencedShape /Users/tiffanymesser/Code/Scala/ScalaBookApi/bookapi/src/main/smithy/_globals.smithy:14:1
[18:37:26] [NOTE] book.smithy#IntegerList: The list shape is not connected to from any service shape. | UnreferencedShape /Users/tiffanymesser/Code/Scala/ScalaBookApi/bookapi/src/main/smithy/_globals.smithy:24:1
[18:37:26] [NOTE] book.smithy#StringList: The list shape is not connected to from any service shape. | UnreferencedShape /Users/tiffanymesser/Code/Scala/ScalaBookApi/bookapi/src/main/smithy/_globals.smithy:28:1
[18:37:26] [NOTE] book.smithy#NotFoundError: The structure shape is not connected to from any service shape. | UnreferencedShape /Users/tiffanymesser/Code/Scala/ScalaBookApi/bookapi/src/main/smithy/_globals.smithy:10:1
[18:37:26] [NOTE] book.smithy#RateLimitError: The structure shape is not connected to from any service shape. | UnreferencedShape /Users/tiffanymesser/Code/Scala/ScalaBookApi/bookapi/src/main/smithy/_globals.smithy:18:1
[18:37:26] [NOTE] book.smithy#InternalServiceErrror: The structure shape is not connected to from any service shape. | UnreferencedShape /Users/tiffanymesser/Code/Scala/ScalaBookApi/bookapi/src/main/smithy/_globals.smithy:22:1
[18:37:26] [WARNING] -: Use statement refers to undefined shape: alloy#simpleRestJson | Model /Users/tiffanymesser/Code/Scala/ScalaBookApi/bookapi/target/scala-3.2.2/resource_managed/main/META-INF/smithy/ExampleService.smithy:3:5
[18:37:26] [WARNING] -: Use statement refers to undefined shape: alloy#simpleRestJson | Model /Users/tiffanymesser/Code/Scala/ScalaBookApi/bookapi/target/scala-3.2.2/resource_managed/main/META-INF/smithy/Books.smithy:4:5
[18:37:26] [WARNING] -: Use statement refers to undefined shape: alloy#simpleRestJson | Model /Users/tiffanymesser/Code/Scala/ScalaBookApi/bookapi/src/main/smithy/ExampleService.smithy:3:5
[18:37:26] [WARNING] -: Use statement refers to undefined shape: alloy#simpleRestJson | Model /Users/tiffanymesser/Code/Scala/ScalaBookApi/bookapi/src/main/smithy/Books.smithy:4:5
[18:37:26] [WARNING] book.smithy#BookApi: Unable to resolve trait `alloy#simpleRestJson`. If this is a custom trait, then it must be defined before it can be used in a model. | Model /Users/tiffanymesser/Code/Scala/ScalaBookApi/bookapi/target/scala-3.2.2/resource_managed/main/META-INF/smithy/Books.smithy:6:1
[18:37:26] [WARNING] book.smithy#HelloWorldService: Unable to resolve trait `alloy#simpleRestJson`. If this is a custom trait, then it must be defined before it can be used in a model. | Model /Users/tiffanymesser/Code/Scala/ScalaBookApi/bookapi/target/scala-3.2.2/resource_managed/main/META-INF/smithy/ExampleService.smithy:5:1
[18:37:26] Recreating project from /Users/tiffanymesser/Code/Scala/ScalaBookApi/bookapi
[18:37:26] Imports from config: [/Users/tiffanymesser/Code/Scala/ScalaBookApi/bookapi] will be resolved against root /Users/tiffanymesser/Code/Scala/ScalaBookApi/bookapi
[18:37:26] Discovered smithy files: [/Users/tiffanymesser/Code/Scala/ScalaBookApi/bookapi/target/scala-3.2.2/src_managed/main/smithy/generated-metadata.smithy, /Users/tiffanymesser/Code/Scala/ScalaBookApi/bookapi/target/scala-3.2.2/resource_managed/main/META-INF/smithy/smithy4s.tracking.smithy, /Users/tiffanymesser/Code/Scala/ScalaBookApi/bookapi/target/scala-3.2.2/resource_managed/main/META-INF/smithy/_globals.smithy, /Users/tiffanymesser/Code/Scala/ScalaBookApi/bookapi/target/scala-3.2.2/resource_managed/main/META-INF/smithy/generated-metadata.smithy, /Users/tiffanymesser/Code/Scala/ScalaBookApi/bookapi/target/scala-3.2.2/resource_managed/main/META-INF/smithy/ExampleService.smithy, /Users/tiffanymesser/Code/Scala/ScalaBookApi/bookapi/target/scala-3.2.2/resource_managed/main/META-INF/smithy/Books.smithy, /Users/tiffanymesser/Code/Scala/ScalaBookApi/bookapi/src/main/smithy/_globals.smithy, /Users/tiffanymesser/Code/Scala/ScalaBookApi/bookapi/src/main/smithy/ExampleService.smithy, /Users/tiffanymesser/Code/Scala/ScalaBookApi/bookapi/src/main/smithy/Books.smithy]
[18:37:26] Downloading external dependencies for SmithyBuildExtensions(repositories = [], artifacts = [], imports = [])
[18:37:26] Downloaded external jars: []
[18:37:26] [NOTE] book.smithy#ForbiddenError: The structure shape is not connected to from any service shape. | UnreferencedShape /Users/tiffanymesser/Code/Scala/ScalaBookApi/bookapi/src/main/smithy/_globals.smithy:6:1
[18:37:26] [NOTE] book.smithy#StringSet: The list shape is not connected to from any service shape. | UnreferencedShape /Users/tiffanymesser/Code/Scala/ScalaBookApi/bookapi/src/main/smithy/_globals.smithy:33:1
[18:37:26] [NOTE] book.smithy#ConflictError: The structure shape is not connected to from any service shape. | UnreferencedShape /Users/tiffanymesser/Code/Scala/ScalaBookApi/bookapi/src/main/smithy/_globals.smithy:14:1
[18:37:26] [NOTE] book.smithy#IntegerList: The list shape is not connected to from any service shape. | UnreferencedShape /Users/tiffanymesser/Code/Scala/ScalaBookApi/bookapi/src/main/smithy/_globals.smithy:24:1
[18:37:26] [NOTE] book.smithy#StringList: The list shape is not connected to from any service shape. | UnreferencedShape /Users/tiffanymesser/Code/Scala/ScalaBookApi/bookapi/src/main/smithy/_globals.smithy:28:1
[18:37:26] [NOTE] book.smithy#NotFoundError: The structure shape is not connected to from any service shape. | UnreferencedShape /Users/tiffanymesser/Code/Scala/ScalaBookApi/bookapi/src/main/smithy/_globals.smithy:10:1
[18:37:26] [NOTE] book.smithy#RateLimitError: The structure shape is not connected to from any service shape. | UnreferencedShape /Users/tiffanymesser/Code/Scala/ScalaBookApi/bookapi/src/main/smithy/_globals.smithy:18:1
[18:37:26] [NOTE] book.smithy#InternalServiceErrror: The structure shape is not connected to from any service shape. | UnreferencedShape /Users/tiffanymesser/Code/Scala/ScalaBookApi/bookapi/src/main/smithy/_globals.smithy:22:1
[18:37:26] [WARNING] -: Use statement refers to undefined shape: alloy#simpleRestJson | Model /Users/tiffanymesser/Code/Scala/ScalaBookApi/bookapi/target/scala-3.2.2/resource_managed/main/META-INF/smithy/ExampleService.smithy:3:5
[18:37:26] [WARNING] -: Use statement refers to undefined shape: alloy#simpleRestJson | Model /Users/tiffanymesser/Code/Scala/ScalaBookApi/bookapi/target/scala-3.2.2/resource_managed/main/META-INF/smithy/Books.smithy:4:5
[18:37:26] [WARNING] -: Use statement refers to undefined shape: alloy#simpleRestJson | Model /Users/tiffanymesser/Code/Scala/ScalaBookApi/bookapi/src/main/smithy/ExampleService.smithy:3:5
[18:37:26] [WARNING] -: Use statement refers to undefined shape: alloy#simpleRestJson | Model /Users/tiffanymesser/Code/Scala/ScalaBookApi/bookapi/src/main/smithy/Books.smithy:4:5
[18:37:26] [WARNING] book.smithy#BookApi: Unable to resolve trait `alloy#simpleRestJson`. If this is a custom trait, then it must be defined before it can be used in a model. | Model /Users/tiffanymesser/Code/Scala/ScalaBookApi/bookapi/target/scala-3.2.2/resource_managed/main/META-INF/smithy/Books.smithy:6:1
[18:37:26] [WARNING] book.smithy#HelloWorldService: Unable to resolve trait `alloy#simpleRestJson`. If this is a custom trait, then it must be defined before it can be used in a model. | Model /Users/tiffanymesser/Code/Scala/ScalaBookApi/bookapi/target/scala-3.2.2/resource_managed/main/META-INF/smithy/ExampleService.smithy:5:1
[18:37:26] [NOTE] book.smithy#ForbiddenError: The structure shape is not connected to from any service shape. | UnreferencedShape /Users/tiffanymesser/Code/Scala/ScalaBookApi/bookapi/target/scala-3.2.2/resource_managed/main/META-INF/smithy/_globals.smithy:6:1
[18:37:26] [NOTE] book.smithy#StringSet: The list shape is not connected to from any service shape. | UnreferencedShape /Users/tiffanymesser/Code/Scala/ScalaBookApi/bookapi/target/scala-3.2.2/resource_managed/main/META-INF/smithy/_globals.smithy:33:1
[18:37:26] [NOTE] book.smithy#ConflictError: The structure shape is not connected to from any service shape. | UnreferencedShape /Users/tiffanymesser/Code/Scala/ScalaBookApi/bookapi/target/scala-3.2.2/resource_managed/main/META-INF/smithy/_globals.smithy:14:1
[18:37:26] [NOTE] book.smithy#IntegerList: The list shape is not connected to from any service shape. | UnreferencedShape /Users/tiffanymesser/Code/Scala/ScalaBookApi/bookapi/target/scala-3.2.2/resource_managed/main/META-INF/smithy/_globals.smithy:24:1
[18:37:26] [NOTE] book.smithy#StringList: The list shape is not connected to from any service shape. | UnreferencedShape /Users/tiffanymesser/Code/Scala/ScalaBookApi/bookapi/target/scala-3.2.2/resource_managed/main/META-INF/smithy/_globals.smithy:28:1
[18:37:26] [NOTE] book.smithy#NotFoundError: The structure shape is not connected to from any service shape. | UnreferencedShape /Users/tiffanymesser/Code/Scala/ScalaBookApi/bookapi/target/scala-3.2.2/resource_managed/main/META-INF/smithy/_globals.smithy:10:1
[18:37:26] [NOTE] book.smithy#RateLimitError: The structure shape is not connected to from any service shape. | UnreferencedShape /Users/tiffanymesser/Code/Scala/ScalaBookApi/bookapi/target/scala-3.2.2/resource_managed/main/META-INF/smithy/_globals.smithy:18:1
[18:37:26] [NOTE] book.smithy#InternalServiceErrror: The structure shape is not connected to from any service shape. | UnreferencedShape /Users/tiffanymesser/Code/Scala/ScalaBookApi/bookapi/target/scala-3.2.2/resource_managed/main/META-INF/smithy/_globals.smithy:22:1
[18:37:26] [WARNING] -: Use statement refers to undefined shape: alloy#simpleRestJson | Model /Users/tiffanymesser/Code/Scala/ScalaBookApi/bookapi/target/scala-3.2.2/resource_managed/main/META-INF/smithy/ExampleService.smithy:3:5
[18:37:26] [WARNING] -: Use statement refers to undefined shape: alloy#simpleRestJson | Model /Users/tiffanymesser/Code/Scala/ScalaBookApi/bookapi/src/main/smithy/Books.smithy:4:5
[18:37:26] [WARNING] -: Use statement refers to undefined shape: alloy#simpleRestJson | Model /Users/tiffanymesser/Code/Scala/ScalaBookApi/bookapi/src/main/smithy/ExampleService.smithy:3:5
[18:37:26] [WARNING] -: Use statement refers to undefined shape: alloy#simpleRestJson | Model /Users/tiffanymesser/Code/Scala/ScalaBookApi/bookapi/target/scala-3.2.2/resource_managed/main/META-INF/smithy/Books.smithy:4:5
[18:37:26] [WARNING] book.smithy#BookApi: Unable to resolve trait `alloy#simpleRestJson`. If this is a custom trait, then it must be defined before it can be used in a model. | Model /Users/tiffanymesser/Code/Scala/ScalaBookApi/bookapi/src/main/smithy/Books.smithy:6:1
[18:37:26] [WARNING] book.smithy#HelloWorldService: Unable to resolve trait `alloy#simpleRestJson`. If this is a custom trait, then it must be defined before it can be used in a model. | Model /Users/tiffanymesser/Code/Scala/ScalaBookApi/bookapi/target/scala-3.2.2/resource_managed/main/META-INF/smithy/ExampleService.smithy:5:1
[18:37:26] Recompiling /Users/tiffanymesser/Code/Scala/ScalaBookApi/bookapi/src/main/smithy/_globals.smithy (with temporary content Optional.empty) raised 14  diagnostics
[18:38:12] [NOTE] book.smithy#ForbiddenError: The structure shape is not connected to from any service shape. | UnreferencedShape /Users/tiffanymesser/Code/Scala/ScalaBookApi/bookapi/target/scala-3.2.2/resource_managed/main/META-INF/smithy/_globals.smithy:6:1
[18:38:12] [NOTE] book.smithy#StringSet: The list shape is not connected to from any service shape. | UnreferencedShape /Users/tiffanymesser/Code/Scala/ScalaBookApi/bookapi/target/scala-3.2.2/resource_managed/main/META-INF/smithy/_globals.smithy:33:1
[18:38:12] [NOTE] book.smithy#ConflictError: The structure shape is not connected to from any service shape. | UnreferencedShape /Users/tiffanymesser/Code/Scala/ScalaBookApi/bookapi/target/scala-3.2.2/resource_managed/main/META-INF/smithy/_globals.smithy:14:1
[18:38:12] [NOTE] book.smithy#IntegerList: The list shape is not connected to from any service shape. | UnreferencedShape /Users/tiffanymesser/Code/Scala/ScalaBookApi/bookapi/target/scala-3.2.2/resource_managed/main/META-INF/smithy/_globals.smithy:24:1
[18:38:12] [NOTE] book.smithy#StringList: The list shape is not connected to from any service shape. | UnreferencedShape /Users/tiffanymesser/Code/Scala/ScalaBookApi/bookapi/target/scala-3.2.2/resource_managed/main/META-INF/smithy/_globals.smithy:28:1
[18:38:12] [NOTE] book.smithy#NotFoundError: The structure shape is not connected to from any service shape. | UnreferencedShape /Users/tiffanymesser/Code/Scala/ScalaBookApi/bookapi/target/scala-3.2.2/resource_managed/main/META-INF/smithy/_globals.smithy:10:1
[18:38:12] [NOTE] book.smithy#RateLimitError: The structure shape is not connected to from any service shape. | UnreferencedShape /Users/tiffanymesser/Code/Scala/ScalaBookApi/bookapi/target/scala-3.2.2/resource_managed/main/META-INF/smithy/_globals.smithy:18:1
[18:38:12] [NOTE] book.smithy#InternalServiceErrror: The structure shape is not connected to from any service shape. | UnreferencedShape /Users/tiffanymesser/Code/Scala/ScalaBookApi/bookapi/target/scala-3.2.2/resource_managed/main/META-INF/smithy/_globals.smithy:22:1
[18:38:12] [WARNING] -: Use statement refers to undefined shape: alloy#simpleRestJson | Model /Users/tiffanymesser/Code/Scala/ScalaBookApi/bookapi/target/scala-3.2.2/resource_managed/main/META-INF/smithy/ExampleService.smithy:3:5
[18:38:12] [WARNING] -: Use statement refers to undefined shape: alloy#simpleRestJson | Model /Users/tiffanymesser/Code/Scala/ScalaBookApi/bookapi/src/main/smithy/Books.smithy:4:5
[18:38:12] [WARNING] -: Use statement refers to undefined shape: alloy#simpleRestJson | Model /Users/tiffanymesser/Code/Scala/ScalaBookApi/bookapi/src/main/smithy/ExampleService.smithy:3:5
[18:38:12] [WARNING] -: Use statement refers to undefined shape: alloy#simpleRestJson | Model /Users/tiffanymesser/Code/Scala/ScalaBookApi/bookapi/target/scala-3.2.2/resource_managed/main/META-INF/smithy/Books.smithy:4:5
[18:38:12] [WARNING] book.smithy#BookApi: Unable to resolve trait `alloy#simpleRestJson`. If this is a custom trait, then it must be defined before it can be used in a model. | Model /Users/tiffanymesser/Code/Scala/ScalaBookApi/bookapi/src/main/smithy/Books.smithy:6:1
[18:38:12] [WARNING] book.smithy#HelloWorldService: Unable to resolve trait `alloy#simpleRestJson`. If this is a custom trait, then it must be defined before it can be used in a model. | Model /Users/tiffanymesser/Code/Scala/ScalaBookApi/bookapi/target/scala-3.2.2/resource_managed/main/META-INF/smithy/ExampleService.smithy:5:1
[18:38:12] Recompiling /Users/tiffanymesser/Code/Scala/ScalaBookApi/bookapi/src/main/smithy/ExampleService.smithy (with temporary content Optional.empty) raised 14  diagnostics
[18:38:19] Trying to find a token in line '  @required' at position Position [
  line = 26
  character = 7
]
[18:38:19] Found token: required
[18:38:19] Finding target of: (structure: `book.smithy#Greeting`)
[18:39:16] [NOTE] book.smithy#ForbiddenError: The structure shape is not connected to from any service shape. | UnreferencedShape /Users/tiffanymesser/Code/Scala/ScalaBookApi/bookapi/target/scala-3.2.2/resource_managed/main/META-INF/smithy/_globals.smithy:6:1
[18:39:16] [NOTE] book.smithy#StringSet: The list shape is not connected to from any service shape. | UnreferencedShape /Users/tiffanymesser/Code/Scala/ScalaBookApi/bookapi/target/scala-3.2.2/resource_managed/main/META-INF/smithy/_globals.smithy:33:1
[18:39:16] [NOTE] book.smithy#ConflictError: The structure shape is not connected to from any service shape. | UnreferencedShape /Users/tiffanymesser/Code/Scala/ScalaBookApi/bookapi/target/scala-3.2.2/resource_managed/main/META-INF/smithy/_globals.smithy:14:1
[18:39:16] [NOTE] book.smithy#IntegerList: The list shape is not connected to from any service shape. | UnreferencedShape /Users/tiffanymesser/Code/Scala/ScalaBookApi/bookapi/target/scala-3.2.2/resource_managed/main/META-INF/smithy/_globals.smithy:24:1
[18:39:16] [NOTE] book.smithy#StringList: The list shape is not connected to from any service shape. | UnreferencedShape /Users/tiffanymesser/Code/Scala/ScalaBookApi/bookapi/target/scala-3.2.2/resource_managed/main/META-INF/smithy/_globals.smithy:28:1
[18:39:16] [NOTE] book.smithy#NotFoundError: The structure shape is not connected to from any service shape. | UnreferencedShape /Users/tiffanymesser/Code/Scala/ScalaBookApi/bookapi/target/scala-3.2.2/resource_managed/main/META-INF/smithy/_globals.smithy:10:1
[18:39:16] [NOTE] book.smithy#RateLimitError: The structure shape is not connected to from any service shape. | UnreferencedShape /Users/tiffanymesser/Code/Scala/ScalaBookApi/bookapi/target/scala-3.2.2/resource_managed/main/META-INF/smithy/_globals.smithy:18:1
[18:39:16] [NOTE] book.smithy#InternalServiceErrror: The structure shape is not connected to from any service shape. | UnreferencedShape /Users/tiffanymesser/Code/Scala/ScalaBookApi/bookapi/target/scala-3.2.2/resource_managed/main/META-INF/smithy/_globals.smithy:22:1
[18:39:16] [WARNING] -: Use statement refers to undefined shape: alloy#simpleRestJson | Model /Users/tiffanymesser/Code/Scala/ScalaBookApi/bookapi/target/scala-3.2.2/resource_managed/main/META-INF/smithy/ExampleService.smithy:3:5
[18:39:16] [WARNING] -: Use statement refers to undefined shape: alloy#simpleRestJson | Model /Users/tiffanymesser/Code/Scala/ScalaBookApi/bookapi/target/scala-3.2.2/resource_managed/main/META-INF/smithy/Books.smithy:4:5
[18:39:16] [WARNING] book.smithy#BookApi: Unable to resolve trait `alloy#simpleRestJson`. If this is a custom trait, then it must be defined before it can be used in a model. | Model /Users/tiffanymesser/Code/Scala/ScalaBookApi/bookapi/target/scala-3.2.2/resource_managed/main/META-INF/smithy/Books.smithy:6:1
[18:39:16] [WARNING] book.smithy#HelloWorldService: Unable to resolve trait `alloy#simpleRestJson`. If this is a custom trait, then it must be defined before it can be used in a model. | Model /Users/tiffanymesser/Code/Scala/ScalaBookApi/bookapi/target/scala-3.2.2/resource_managed/main/META-INF/smithy/ExampleService.smithy:5:1
[18:39:16] Recompiling /Users/tiffanymesser/Code/Scala/ScalaBookApi/bookapi/src/main/smithy/ExampleService.smithy (with temporary content Optional.empty) raised 12  diagnostics
[18:39:16] [NOTE] book.smithy#ForbiddenError: The structure shape is not connected to from any service shape. | UnreferencedShape /Users/tiffanymesser/Code/Scala/ScalaBookApi/bookapi/target/scala-3.2.2/resource_managed/main/META-INF/smithy/_globals.smithy:6:1
[18:39:16] [NOTE] book.smithy#StringSet: The list shape is not connected to from any service shape. | UnreferencedShape /Users/tiffanymesser/Code/Scala/ScalaBookApi/bookapi/target/scala-3.2.2/resource_managed/main/META-INF/smithy/_globals.smithy:33:1
[18:39:16] [NOTE] book.smithy#ConflictError: The structure shape is not connected to from any service shape. | UnreferencedShape /Users/tiffanymesser/Code/Scala/ScalaBookApi/bookapi/target/scala-3.2.2/resource_managed/main/META-INF/smithy/_globals.smithy:14:1
[18:39:16] [NOTE] book.smithy#IntegerList: The list shape is not connected to from any service shape. | UnreferencedShape /Users/tiffanymesser/Code/Scala/ScalaBookApi/bookapi/target/scala-3.2.2/resource_managed/main/META-INF/smithy/_globals.smithy:24:1
[18:39:16] [NOTE] book.smithy#StringList: The list shape is not connected to from any service shape. | UnreferencedShape /Users/tiffanymesser/Code/Scala/ScalaBookApi/bookapi/target/scala-3.2.2/resource_managed/main/META-INF/smithy/_globals.smithy:28:1
[18:39:16] [NOTE] book.smithy#NotFoundError: The structure shape is not connected to from any service shape. | UnreferencedShape /Users/tiffanymesser/Code/Scala/ScalaBookApi/bookapi/target/scala-3.2.2/resource_managed/main/META-INF/smithy/_globals.smithy:10:1
[18:39:16] [NOTE] book.smithy#RateLimitError: The structure shape is not connected to from any service shape. | UnreferencedShape /Users/tiffanymesser/Code/Scala/ScalaBookApi/bookapi/target/scala-3.2.2/resource_managed/main/META-INF/smithy/_globals.smithy:18:1
[18:39:16] [NOTE] book.smithy#InternalServiceErrror: The structure shape is not connected to from any service shape. | UnreferencedShape /Users/tiffanymesser/Code/Scala/ScalaBookApi/bookapi/target/scala-3.2.2/resource_managed/main/META-INF/smithy/_globals.smithy:22:1
[18:39:16] [WARNING] -: Use statement refers to undefined shape: alloy#simpleRestJson | Model /Users/tiffanymesser/Code/Scala/ScalaBookApi/bookapi/target/scala-3.2.2/resource_managed/main/META-INF/smithy/ExampleService.smithy:3:5
[18:39:16] [WARNING] -: Use statement refers to undefined shape: alloy#simpleRestJson | Model /Users/tiffanymesser/Code/Scala/ScalaBookApi/bookapi/target/scala-3.2.2/resource_managed/main/META-INF/smithy/Books.smithy:4:5
[18:39:16] [WARNING] book.smithy#BookApi: Unable to resolve trait `alloy#simpleRestJson`. If this is a custom trait, then it must be defined before it can be used in a model. | Model /Users/tiffanymesser/Code/Scala/ScalaBookApi/bookapi/target/scala-3.2.2/resource_managed/main/META-INF/smithy/Books.smithy:6:1
[18:39:16] [WARNING] book.smithy#HelloWorldService: Unable to resolve trait `alloy#simpleRestJson`. If this is a custom trait, then it must be defined before it can be used in a model. | Model /Users/tiffanymesser/Code/Scala/ScalaBookApi/bookapi/target/scala-3.2.2/resource_managed/main/META-INF/smithy/ExampleService.smithy:5:1
[18:39:16] Recompiling /Users/tiffanymesser/Code/Scala/ScalaBookApi/bookapi/src/main/smithy/_globals.smithy (with temporary content Optional.empty) raised 12  diagnostics
[18:39:16] [NOTE] book.smithy#ForbiddenError: The structure shape is not connected to from any service shape. | UnreferencedShape /Users/tiffanymesser/Code/Scala/ScalaBookApi/bookapi/target/scala-3.2.2/resource_managed/main/META-INF/smithy/_globals.smithy:6:1
[18:39:16] [NOTE] book.smithy#StringSet: The list shape is not connected to from any service shape. | UnreferencedShape /Users/tiffanymesser/Code/Scala/ScalaBookApi/bookapi/target/scala-3.2.2/resource_managed/main/META-INF/smithy/_globals.smithy:33:1
[18:39:16] [NOTE] book.smithy#ConflictError: The structure shape is not connected to from any service shape. | UnreferencedShape /Users/tiffanymesser/Code/Scala/ScalaBookApi/bookapi/target/scala-3.2.2/resource_managed/main/META-INF/smithy/_globals.smithy:14:1
[18:39:16] [NOTE] book.smithy#IntegerList: The list shape is not connected to from any service shape. | UnreferencedShape /Users/tiffanymesser/Code/Scala/ScalaBookApi/bookapi/target/scala-3.2.2/resource_managed/main/META-INF/smithy/_globals.smithy:24:1
[18:39:16] [NOTE] book.smithy#StringList: The list shape is not connected to from any service shape. | UnreferencedShape /Users/tiffanymesser/Code/Scala/ScalaBookApi/bookapi/target/scala-3.2.2/resource_managed/main/META-INF/smithy/_globals.smithy:28:1
[18:39:16] [NOTE] book.smithy#NotFoundError: The structure shape is not connected to from any service shape. | UnreferencedShape /Users/tiffanymesser/Code/Scala/ScalaBookApi/bookapi/target/scala-3.2.2/resource_managed/main/META-INF/smithy/_globals.smithy:10:1
[18:39:16] [NOTE] book.smithy#RateLimitError: The structure shape is not connected to from any service shape. | UnreferencedShape /Users/tiffanymesser/Code/Scala/ScalaBookApi/bookapi/target/scala-3.2.2/resource_managed/main/META-INF/smithy/_globals.smithy:18:1
[18:39:16] [NOTE] book.smithy#InternalServiceErrror: The structure shape is not connected to from any service shape. | UnreferencedShape /Users/tiffanymesser/Code/Scala/ScalaBookApi/bookapi/target/scala-3.2.2/resource_managed/main/META-INF/smithy/_globals.smithy:22:1
[18:39:16] [WARNING] -: Use statement refers to undefined shape: alloy#simpleRestJson | Model /Users/tiffanymesser/Code/Scala/ScalaBookApi/bookapi/target/scala-3.2.2/resource_managed/main/META-INF/smithy/ExampleService.smithy:3:5
[18:39:16] [WARNING] -: Use statement refers to undefined shape: alloy#simpleRestJson | Model /Users/tiffanymesser/Code/Scala/ScalaBookApi/bookapi/target/scala-3.2.2/resource_managed/main/META-INF/smithy/Books.smithy:4:5
[18:39:16] [WARNING] -: Use statement refers to undefined shape: alloy#simpleRestJson | Model /Users/tiffanymesser/Code/Scala/ScalaBookApi/bookapi/src/main/scala/smithy/ExampleService.smithy:3:5
[18:39:16] [WARNING] book.smithy#BookApi: Unable to resolve trait `alloy#simpleRestJson`. If this is a custom trait, then it must be defined before it can be used in a model. | Model /Users/tiffanymesser/Code/Scala/ScalaBookApi/bookapi/target/scala-3.2.2/resource_managed/main/META-INF/smithy/Books.smithy:6:1
[18:39:16] [WARNING] book.smithy#HelloWorldService: Unable to resolve trait `alloy#simpleRestJson`. If this is a custom trait, then it must be defined before it can be used in a model. | Model /Users/tiffanymesser/Code/Scala/ScalaBookApi/bookapi/target/scala-3.2.2/resource_managed/main/META-INF/smithy/ExampleService.smithy:5:1
[18:39:16] Recompiling /Users/tiffanymesser/Code/Scala/ScalaBookApi/bookapi/src/main/scala/smithy/ExampleService.smithy (with temporary content Optional.empty) raised 13  diagnostics
[18:39:16] [NOTE] book.smithy#ForbiddenError: The structure shape is not connected to from any service shape. | UnreferencedShape /Users/tiffanymesser/Code/Scala/ScalaBookApi/bookapi/target/scala-3.2.2/resource_managed/main/META-INF/smithy/_globals.smithy:6:1
[18:39:16] [NOTE] book.smithy#StringSet: The list shape is not connected to from any service shape. | UnreferencedShape /Users/tiffanymesser/Code/Scala/ScalaBookApi/bookapi/target/scala-3.2.2/resource_managed/main/META-INF/smithy/_globals.smithy:33:1
[18:39:16] [NOTE] book.smithy#ConflictError: The structure shape is not connected to from any service shape. | UnreferencedShape /Users/tiffanymesser/Code/Scala/ScalaBookApi/bookapi/target/scala-3.2.2/resource_managed/main/META-INF/smithy/_globals.smithy:14:1
[18:39:16] [NOTE] book.smithy#IntegerList: The list shape is not connected to from any service shape. | UnreferencedShape /Users/tiffanymesser/Code/Scala/ScalaBookApi/bookapi/target/scala-3.2.2/resource_managed/main/META-INF/smithy/_globals.smithy:24:1
[18:39:16] [NOTE] book.smithy#StringList: The list shape is not connected to from any service shape. | UnreferencedShape /Users/tiffanymesser/Code/Scala/ScalaBookApi/bookapi/target/scala-3.2.2/resource_managed/main/META-INF/smithy/_globals.smithy:28:1
[18:39:16] [NOTE] book.smithy#NotFoundError: The structure shape is not connected to from any service shape. | UnreferencedShape /Users/tiffanymesser/Code/Scala/ScalaBookApi/bookapi/target/scala-3.2.2/resource_managed/main/META-INF/smithy/_globals.smithy:10:1
[18:39:16] [NOTE] book.smithy#RateLimitError: The structure shape is not connected to from any service shape. | UnreferencedShape /Users/tiffanymesser/Code/Scala/ScalaBookApi/bookapi/target/scala-3.2.2/resource_managed/main/META-INF/smithy/_globals.smithy:18:1
[18:39:16] [NOTE] book.smithy#InternalServiceErrror: The structure shape is not connected to from any service shape. | UnreferencedShape /Users/tiffanymesser/Code/Scala/ScalaBookApi/bookapi/target/scala-3.2.2/resource_managed/main/META-INF/smithy/_globals.smithy:22:1
[18:39:16] [WARNING] -: Use statement refers to undefined shape: alloy#simpleRestJson | Model /Users/tiffanymesser/Code/Scala/ScalaBookApi/bookapi/target/scala-3.2.2/resource_managed/main/META-INF/smithy/ExampleService.smithy:3:5
[18:39:16] [WARNING] -: Use statement refers to undefined shape: alloy#simpleRestJson | Model /Users/tiffanymesser/Code/Scala/ScalaBookApi/bookapi/target/scala-3.2.2/resource_managed/main/META-INF/smithy/Books.smithy:4:5
[18:39:16] [WARNING] -: Use statement refers to undefined shape: alloy#simpleRestJson | Model /Users/tiffanymesser/Code/Scala/ScalaBookApi/bookapi/src/main/scala/smithy/ExampleService.smithy:3:5
[18:39:16] [WARNING] book.smithy#BookApi: Unable to resolve trait `alloy#simpleRestJson`. If this is a custom trait, then it must be defined before it can be used in a model. | Model /Users/tiffanymesser/Code/Scala/ScalaBookApi/bookapi/target/scala-3.2.2/resource_managed/main/META-INF/smithy/Books.smithy:6:1
[18:39:16] [WARNING] book.smithy#HelloWorldService: Unable to resolve trait `alloy#simpleRestJson`. If this is a custom trait, then it must be defined before it can be used in a model. | Model /Users/tiffanymesser/Code/Scala/ScalaBookApi/bookapi/target/scala-3.2.2/resource_managed/main/META-INF/smithy/ExampleService.smithy:5:1
[18:39:16] Recompiling /Users/tiffanymesser/Code/Scala/ScalaBookApi/bookapi/src/main/scala/smithy/_globals.smithy (with temporary content Optional.empty) raised 13  diagnostics
[18:39:50] [NOTE] book.smithy#ForbiddenError: The structure shape is not connected to from any service shape. | UnreferencedShape /Users/tiffanymesser/Code/Scala/ScalaBookApi/bookapi/target/scala-3.2.2/resource_managed/main/META-INF/smithy/_globals.smithy:6:1
[18:39:50] [NOTE] book.smithy#StringSet: The list shape is not connected to from any service shape. | UnreferencedShape /Users/tiffanymesser/Code/Scala/ScalaBookApi/bookapi/target/scala-3.2.2/resource_managed/main/META-INF/smithy/_globals.smithy:33:1
[18:39:50] [NOTE] book.smithy#ConflictError: The structure shape is not connected to from any service shape. | UnreferencedShape /Users/tiffanymesser/Code/Scala/ScalaBookApi/bookapi/target/scala-3.2.2/resource_managed/main/META-INF/smithy/_globals.smithy:14:1
[18:39:50] [NOTE] book.smithy#IntegerList: The list shape is not connected to from any service shape. | UnreferencedShape /Users/tiffanymesser/Code/Scala/ScalaBookApi/bookapi/target/scala-3.2.2/resource_managed/main/META-INF/smithy/_globals.smithy:24:1
[18:39:50] [NOTE] book.smithy#StringList: The list shape is not connected to from any service shape. | UnreferencedShape /Users/tiffanymesser/Code/Scala/ScalaBookApi/bookapi/target/scala-3.2.2/resource_managed/main/META-INF/smithy/_globals.smithy:28:1
[18:39:50] [NOTE] book.smithy#NotFoundError: The structure shape is not connected to from any service shape. | UnreferencedShape /Users/tiffanymesser/Code/Scala/ScalaBookApi/bookapi/target/scala-3.2.2/resource_managed/main/META-INF/smithy/_globals.smithy:10:1
[18:39:50] [NOTE] book.smithy#RateLimitError: The structure shape is not connected to from any service shape. | UnreferencedShape /Users/tiffanymesser/Code/Scala/ScalaBookApi/bookapi/target/scala-3.2.2/resource_managed/main/META-INF/smithy/_globals.smithy:18:1
[18:39:50] [NOTE] book.smithy#InternalServiceErrror: The structure shape is not connected to from any service shape. | UnreferencedShape /Users/tiffanymesser/Code/Scala/ScalaBookApi/bookapi/target/scala-3.2.2/resource_managed/main/META-INF/smithy/_globals.smithy:22:1
[18:39:50] [WARNING] -: Use statement refers to undefined shape: alloy#simpleRestJson | Model /Users/tiffanymesser/Code/Scala/ScalaBookApi/bookapi/target/scala-3.2.2/resource_managed/main/META-INF/smithy/ExampleService.smithy:3:5
[18:39:50] [WARNING] -: Use statement refers to undefined shape: alloy#simpleRestJson | Model /Users/tiffanymesser/Code/Scala/ScalaBookApi/bookapi/target/scala-3.2.2/resource_managed/main/META-INF/smithy/Books.smithy:4:5
[18:39:50] [WARNING] -: Use statement refers to undefined shape: alloy#simpleRestJson | Model /Users/tiffanymesser/Code/Scala/ScalaBookApi/bookapi/src/main/scala/smithy/ExampleService.smithy:3:5
[18:39:50] [WARNING] -: Use statement refers to undefined shape: alloy#simpleRestJson | Model /Users/tiffanymesser/Code/Scala/ScalaBookApi/bookapi/src/main/scala/smithy/Books.smithy:4:5
[18:39:50] [WARNING] book.smithy#BookApi: Unable to resolve trait `alloy#simpleRestJson`. If this is a custom trait, then it must be defined before it can be used in a model. | Model /Users/tiffanymesser/Code/Scala/ScalaBookApi/bookapi/target/scala-3.2.2/resource_managed/main/META-INF/smithy/Books.smithy:6:1
[18:39:50] [WARNING] book.smithy#HelloWorldService: Unable to resolve trait `alloy#simpleRestJson`. If this is a custom trait, then it must be defined before it can be used in a model. | Model /Users/tiffanymesser/Code/Scala/ScalaBookApi/bookapi/target/scala-3.2.2/resource_managed/main/META-INF/smithy/ExampleService.smithy:5:1
[18:39:50] Recompiling /Users/tiffanymesser/Code/Scala/ScalaBookApi/bookapi/src/main/scala/smithy/Books.smithy (with temporary content Optional.empty) raised 14  diagnostics
[18:39:51] Trying to find a token in line '@http(method: "GET", uri: "/books", code: 200)' at position Position [
  line = 14
  character = 29
]
[18:39:51] Found token: books
[18:39:51] Finding target of: (service: `book.smithy#BookApi`)
[18:39:51] Trying to find a token in line 'use alloy#simpleRestJson' at position Position [
  line = 3
  character = 17
]
[18:39:51] Found token: simpleRestJson
[18:39:52] Trying to find a token in line '  operations: [GetBooks]' at position Position [
  line = 9
  character = 13
]
[18:39:52] Found token: 
[18:39:52] Finding target of: (service: `book.smithy#BookApi`)
[18:39:53] Trying to find a token in line 'namespace book.smithy' at position Position [
  line = 1
  character = 14
]
[18:39:53] Found token: book
[18:39:56] Trying to find a token in line '  version: "1.0.0",' at position Position [
  line = 8
  character = 16
]
[18:39:56] Found token: 0
[18:39:56] Finding target of: (service: `book.smithy#BookApi`)
[18:40:18] [NOTE] book.smithy#ForbiddenError: The structure shape is not connected to from any service shape. | UnreferencedShape /Users/tiffanymesser/Code/Scala/ScalaBookApi/bookapi/target/scala-3.2.2/resource_managed/main/META-INF/smithy/_globals.smithy:6:1
[18:40:18] [NOTE] book.smithy#StringSet: The list shape is not connected to from any service shape. | UnreferencedShape /Users/tiffanymesser/Code/Scala/ScalaBookApi/bookapi/target/scala-3.2.2/resource_managed/main/META-INF/smithy/_globals.smithy:33:1
[18:40:18] [NOTE] book.smithy#ConflictError: The structure shape is not connected to from any service shape. | UnreferencedShape /Users/tiffanymesser/Code/Scala/ScalaBookApi/bookapi/target/scala-3.2.2/resource_managed/main/META-INF/smithy/_globals.smithy:14:1
[18:40:18] [NOTE] book.smithy#IntegerList: The list shape is not connected to from any service shape. | UnreferencedShape /Users/tiffanymesser/Code/Scala/ScalaBookApi/bookapi/target/scala-3.2.2/resource_managed/main/META-INF/smithy/_globals.smithy:24:1
[18:40:18] [NOTE] book.smithy#StringList: The list shape is not connected to from any service shape. | UnreferencedShape /Users/tiffanymesser/Code/Scala/ScalaBookApi/bookapi/target/scala-3.2.2/resource_managed/main/META-INF/smithy/_globals.smithy:28:1
[18:40:18] [NOTE] book.smithy#NotFoundError: The structure shape is not connected to from any service shape. | UnreferencedShape /Users/tiffanymesser/Code/Scala/ScalaBookApi/bookapi/target/scala-3.2.2/resource_managed/main/META-INF/smithy/_globals.smithy:10:1
[18:40:18] [NOTE] book.smithy#RateLimitError: The structure shape is not connected to from any service shape. | UnreferencedShape /Users/tiffanymesser/Code/Scala/ScalaBookApi/bookapi/target/scala-3.2.2/resource_managed/main/META-INF/smithy/_globals.smithy:18:1
[18:40:18] [NOTE] book.smithy#InternalServiceErrror: The structure shape is not connected to from any service shape. | UnreferencedShape /Users/tiffanymesser/Code/Scala/ScalaBookApi/bookapi/target/scala-3.2.2/resource_managed/main/META-INF/smithy/_globals.smithy:22:1
[18:40:18] [WARNING] -: Use statement refers to undefined shape: alloy#simpleRestJson | Model /Users/tiffanymesser/Code/Scala/ScalaBookApi/bookapi/target/scala-3.2.2/resource_managed/main/META-INF/smithy/ExampleService.smithy:3:5
[18:40:18] [WARNING] -: Use statement refers to undefined shape: alloy#simpleRestJson | Model /Users/tiffanymesser/Code/Scala/ScalaBookApi/bookapi/target/scala-3.2.2/resource_managed/main/META-INF/smithy/Books.smithy:4:5
[18:40:18] [WARNING] book.smithy#BookApi: Unable to resolve trait `alloy#simpleRestJson`. If this is a custom trait, then it must be defined before it can be used in a model. | Model /Users/tiffanymesser/Code/Scala/ScalaBookApi/bookapi/target/scala-3.2.2/resource_managed/main/META-INF/smithy/Books.smithy:6:1
[18:40:18] [WARNING] book.smithy#HelloWorldService: Unable to resolve trait `alloy#simpleRestJson`. If this is a custom trait, then it must be defined before it can be used in a model. | Model /Users/tiffanymesser/Code/Scala/ScalaBookApi/bookapi/target/scala-3.2.2/resource_managed/main/META-INF/smithy/ExampleService.smithy:5:1
[18:40:18] Recompiling /Users/tiffanymesser/Code/Scala/ScalaBookApi/bookapi/src/main/scala/smithy/Books.smithy (with temporary content Optional.empty) raised 12  diagnostics
[18:40:18] [NOTE] book.smithy#ForbiddenError: The structure shape is not connected to from any service shape. | UnreferencedShape /Users/tiffanymesser/Code/Scala/ScalaBookApi/bookapi/target/scala-3.2.2/resource_managed/main/META-INF/smithy/_globals.smithy:6:1
[18:40:18] [NOTE] book.smithy#StringSet: The list shape is not connected to from any service shape. | UnreferencedShape /Users/tiffanymesser/Code/Scala/ScalaBookApi/bookapi/target/scala-3.2.2/resource_managed/main/META-INF/smithy/_globals.smithy:33:1
[18:40:18] [NOTE] book.smithy#ConflictError: The structure shape is not connected to from any service shape. | UnreferencedShape /Users/tiffanymesser/Code/Scala/ScalaBookApi/bookapi/target/scala-3.2.2/resource_managed/main/META-INF/smithy/_globals.smithy:14:1
[18:40:18] [NOTE] book.smithy#IntegerList: The list shape is not connected to from any service shape. | UnreferencedShape /Users/tiffanymesser/Code/Scala/ScalaBookApi/bookapi/target/scala-3.2.2/resource_managed/main/META-INF/smithy/_globals.smithy:24:1
[18:40:18] [NOTE] book.smithy#StringList: The list shape is not connected to from any service shape. | UnreferencedShape /Users/tiffanymesser/Code/Scala/ScalaBookApi/bookapi/target/scala-3.2.2/resource_managed/main/META-INF/smithy/_globals.smithy:28:1
[18:40:18] [NOTE] book.smithy#NotFoundError: The structure shape is not connected to from any service shape. | UnreferencedShape /Users/tiffanymesser/Code/Scala/ScalaBookApi/bookapi/target/scala-3.2.2/resource_managed/main/META-INF/smithy/_globals.smithy:10:1
[18:40:18] [NOTE] book.smithy#RateLimitError: The structure shape is not connected to from any service shape. | UnreferencedShape /Users/tiffanymesser/Code/Scala/ScalaBookApi/bookapi/target/scala-3.2.2/resource_managed/main/META-INF/smithy/_globals.smithy:18:1
[18:40:18] [NOTE] book.smithy#InternalServiceErrror: The structure shape is not connected to from any service shape. | UnreferencedShape /Users/tiffanymesser/Code/Scala/ScalaBookApi/bookapi/target/scala-3.2.2/resource_managed/main/META-INF/smithy/_globals.smithy:22:1
[18:40:18] [WARNING] -: Use statement refers to undefined shape: alloy#simpleRestJson | Model /Users/tiffanymesser/Code/Scala/ScalaBookApi/bookapi/target/scala-3.2.2/resource_managed/main/META-INF/smithy/ExampleService.smithy:3:5
[18:40:18] [WARNING] -: Use statement refers to undefined shape: alloy#simpleRestJson | Model /Users/tiffanymesser/Code/Scala/ScalaBookApi/bookapi/target/scala-3.2.2/resource_managed/main/META-INF/smithy/Books.smithy:4:5
[18:40:18] [WARNING] book.smithy#BookApi: Unable to resolve trait `alloy#simpleRestJson`. If this is a custom trait, then it must be defined before it can be used in a model. | Model /Users/tiffanymesser/Code/Scala/ScalaBookApi/bookapi/target/scala-3.2.2/resource_managed/main/META-INF/smithy/Books.smithy:6:1
[18:40:18] [WARNING] book.smithy#HelloWorldService: Unable to resolve trait `alloy#simpleRestJson`. If this is a custom trait, then it must be defined before it can be used in a model. | Model /Users/tiffanymesser/Code/Scala/ScalaBookApi/bookapi/target/scala-3.2.2/resource_managed/main/META-INF/smithy/ExampleService.smithy:5:1
[18:40:18] Recompiling /Users/tiffanymesser/Code/Scala/ScalaBookApi/bookapi/src/main/scala/smithy/_globals.smithy (with temporary content Optional.empty) raised 12  diagnostics
[18:40:18] [NOTE] book.smithy#ForbiddenError: The structure shape is not connected to from any service shape. | UnreferencedShape /Users/tiffanymesser/Code/Scala/ScalaBookApi/bookapi/target/scala-3.2.2/resource_managed/main/META-INF/smithy/_globals.smithy:6:1
[18:40:18] [NOTE] book.smithy#StringSet: The list shape is not connected to from any service shape. | UnreferencedShape /Users/tiffanymesser/Code/Scala/ScalaBookApi/bookapi/target/scala-3.2.2/resource_managed/main/META-INF/smithy/_globals.smithy:33:1
[18:40:18] [NOTE] book.smithy#ConflictError: The structure shape is not connected to from any service shape. | UnreferencedShape /Users/tiffanymesser/Code/Scala/ScalaBookApi/bookapi/target/scala-3.2.2/resource_managed/main/META-INF/smithy/_globals.smithy:14:1
[18:40:18] [NOTE] book.smithy#IntegerList: The list shape is not connected to from any service shape. | UnreferencedShape /Users/tiffanymesser/Code/Scala/ScalaBookApi/bookapi/target/scala-3.2.2/resource_managed/main/META-INF/smithy/_globals.smithy:24:1
[18:40:18] [NOTE] book.smithy#StringList: The list shape is not connected to from any service shape. | UnreferencedShape /Users/tiffanymesser/Code/Scala/ScalaBookApi/bookapi/target/scala-3.2.2/resource_managed/main/META-INF/smithy/_globals.smithy:28:1
[18:40:18] [NOTE] book.smithy#NotFoundError: The structure shape is not connected to from any service shape. | UnreferencedShape /Users/tiffanymesser/Code/Scala/ScalaBookApi/bookapi/target/scala-3.2.2/resource_managed/main/META-INF/smithy/_globals.smithy:10:1
[18:40:18] [NOTE] book.smithy#RateLimitError: The structure shape is not connected to from any service shape. | UnreferencedShape /Users/tiffanymesser/Code/Scala/ScalaBookApi/bookapi/target/scala-3.2.2/resource_managed/main/META-INF/smithy/_globals.smithy:18:1
[18:40:18] [NOTE] book.smithy#InternalServiceErrror: The structure shape is not connected to from any service shape. | UnreferencedShape /Users/tiffanymesser/Code/Scala/ScalaBookApi/bookapi/target/scala-3.2.2/resource_managed/main/META-INF/smithy/_globals.smithy:22:1
[18:40:18] [WARNING] -: Use statement refers to undefined shape: alloy#simpleRestJson | Model /Users/tiffanymesser/Code/Scala/ScalaBookApi/bookapi/target/scala-3.2.2/resource_managed/main/META-INF/smithy/ExampleService.smithy:3:5
[18:40:18] [WARNING] -: Use statement refers to undefined shape: alloy#simpleRestJson | Model /Users/tiffanymesser/Code/Scala/ScalaBookApi/bookapi/target/scala-3.2.2/resource_managed/main/META-INF/smithy/Books.smithy:4:5
[18:40:18] [WARNING] book.smithy#BookApi: Unable to resolve trait `alloy#simpleRestJson`. If this is a custom trait, then it must be defined before it can be used in a model. | Model /Users/tiffanymesser/Code/Scala/ScalaBookApi/bookapi/target/scala-3.2.2/resource_managed/main/META-INF/smithy/Books.smithy:6:1
[18:40:18] [WARNING] book.smithy#HelloWorldService: Unable to resolve trait `alloy#simpleRestJson`. If this is a custom trait, then it must be defined before it can be used in a model. | Model /Users/tiffanymesser/Code/Scala/ScalaBookApi/bookapi/target/scala-3.2.2/resource_managed/main/META-INF/smithy/ExampleService.smithy:5:1
[18:40:18] Recompiling /Users/tiffanymesser/Code/Scala/ScalaBookApi/bookapi/src/main/smithy/_globals.smithy (with temporary content Optional.empty) raised 12  diagnostics
[18:40:18] [NOTE] book.smithy#ForbiddenError: The structure shape is not connected to from any service shape. | UnreferencedShape /Users/tiffanymesser/Code/Scala/ScalaBookApi/bookapi/target/scala-3.2.2/resource_managed/main/META-INF/smithy/_globals.smithy:6:1
[18:40:18] [NOTE] book.smithy#StringSet: The list shape is not connected to from any service shape. | UnreferencedShape /Users/tiffanymesser/Code/Scala/ScalaBookApi/bookapi/target/scala-3.2.2/resource_managed/main/META-INF/smithy/_globals.smithy:33:1
[18:40:18] [NOTE] book.smithy#ConflictError: The structure shape is not connected to from any service shape. | UnreferencedShape /Users/tiffanymesser/Code/Scala/ScalaBookApi/bookapi/target/scala-3.2.2/resource_managed/main/META-INF/smithy/_globals.smithy:14:1
[18:40:18] [NOTE] book.smithy#IntegerList: The list shape is not connected to from any service shape. | UnreferencedShape /Users/tiffanymesser/Code/Scala/ScalaBookApi/bookapi/target/scala-3.2.2/resource_managed/main/META-INF/smithy/_globals.smithy:24:1
[18:40:18] [NOTE] book.smithy#StringList: The list shape is not connected to from any service shape. | UnreferencedShape /Users/tiffanymesser/Code/Scala/ScalaBookApi/bookapi/target/scala-3.2.2/resource_managed/main/META-INF/smithy/_globals.smithy:28:1
[18:40:18] [NOTE] book.smithy#NotFoundError: The structure shape is not connected to from any service shape. | UnreferencedShape /Users/tiffanymesser/Code/Scala/ScalaBookApi/bookapi/target/scala-3.2.2/resource_managed/main/META-INF/smithy/_globals.smithy:10:1
[18:40:18] [NOTE] book.smithy#RateLimitError: The structure shape is not connected to from any service shape. | UnreferencedShape /Users/tiffanymesser/Code/Scala/ScalaBookApi/bookapi/target/scala-3.2.2/resource_managed/main/META-INF/smithy/_globals.smithy:18:1
[18:40:18] [NOTE] book.smithy#InternalServiceErrror: The structure shape is not connected to from any service shape. | UnreferencedShape /Users/tiffanymesser/Code/Scala/ScalaBookApi/bookapi/target/scala-3.2.2/resource_managed/main/META-INF/smithy/_globals.smithy:22:1
[18:40:18] [WARNING] -: Use statement refers to undefined shape: alloy#simpleRestJson | Model /Users/tiffanymesser/Code/Scala/ScalaBookApi/bookapi/target/scala-3.2.2/resource_managed/main/META-INF/smithy/ExampleService.smithy:3:5
[18:40:18] [WARNING] -: Use statement refers to undefined shape: alloy#simpleRestJson | Model /Users/tiffanymesser/Code/Scala/ScalaBookApi/bookapi/src/main/smithy/ExampleService.smithy:3:5
[18:40:18] [WARNING] -: Use statement refers to undefined shape: alloy#simpleRestJson | Model /Users/tiffanymesser/Code/Scala/ScalaBookApi/bookapi/target/scala-3.2.2/resource_managed/main/META-INF/smithy/Books.smithy:4:5
[18:40:18] [WARNING] book.smithy#BookApi: Unable to resolve trait `alloy#simpleRestJson`. If this is a custom trait, then it must be defined before it can be used in a model. | Model /Users/tiffanymesser/Code/Scala/ScalaBookApi/bookapi/target/scala-3.2.2/resource_managed/main/META-INF/smithy/Books.smithy:6:1
[18:40:18] [WARNING] book.smithy#HelloWorldService: Unable to resolve trait `alloy#simpleRestJson`. If this is a custom trait, then it must be defined before it can be used in a model. | Model /Users/tiffanymesser/Code/Scala/ScalaBookApi/bookapi/target/scala-3.2.2/resource_managed/main/META-INF/smithy/ExampleService.smithy:5:1
[18:40:18] Recompiling /Users/tiffanymesser/Code/Scala/ScalaBookApi/bookapi/src/main/smithy/ExampleService.smithy (with temporary content Optional.empty) raised 13  diagnostics
[18:40:18] [NOTE] book.smithy#ForbiddenError: The structure shape is not connected to from any service shape. | UnreferencedShape /Users/tiffanymesser/Code/Scala/ScalaBookApi/bookapi/target/scala-3.2.2/resource_managed/main/META-INF/smithy/_globals.smithy:6:1
[18:40:18] [NOTE] book.smithy#StringSet: The list shape is not connected to from any service shape. | UnreferencedShape /Users/tiffanymesser/Code/Scala/ScalaBookApi/bookapi/target/scala-3.2.2/resource_managed/main/META-INF/smithy/_globals.smithy:33:1
[18:40:18] [NOTE] book.smithy#ConflictError: The structure shape is not connected to from any service shape. | UnreferencedShape /Users/tiffanymesser/Code/Scala/ScalaBookApi/bookapi/target/scala-3.2.2/resource_managed/main/META-INF/smithy/_globals.smithy:14:1
[18:40:18] [NOTE] book.smithy#IntegerList: The list shape is not connected to from any service shape. | UnreferencedShape /Users/tiffanymesser/Code/Scala/ScalaBookApi/bookapi/target/scala-3.2.2/resource_managed/main/META-INF/smithy/_globals.smithy:24:1
[18:40:18] [NOTE] book.smithy#StringList: The list shape is not connected to from any service shape. | UnreferencedShape /Users/tiffanymesser/Code/Scala/ScalaBookApi/bookapi/target/scala-3.2.2/resource_managed/main/META-INF/smithy/_globals.smithy:28:1
[18:40:18] [NOTE] book.smithy#NotFoundError: The structure shape is not connected to from any service shape. | UnreferencedShape /Users/tiffanymesser/Code/Scala/ScalaBookApi/bookapi/target/scala-3.2.2/resource_managed/main/META-INF/smithy/_globals.smithy:10:1
[18:40:18] [NOTE] book.smithy#RateLimitError: The structure shape is not connected to from any service shape. | UnreferencedShape /Users/tiffanymesser/Code/Scala/ScalaBookApi/bookapi/target/scala-3.2.2/resource_managed/main/META-INF/smithy/_globals.smithy:18:1
[18:40:18] [NOTE] book.smithy#InternalServiceErrror: The structure shape is not connected to from any service shape. | UnreferencedShape /Users/tiffanymesser/Code/Scala/ScalaBookApi/bookapi/target/scala-3.2.2/resource_managed/main/META-INF/smithy/_globals.smithy:22:1
[18:40:18] [WARNING] -: Use statement refers to undefined shape: alloy#simpleRestJson | Model /Users/tiffanymesser/Code/Scala/ScalaBookApi/bookapi/target/scala-3.2.2/resource_managed/main/META-INF/smithy/ExampleService.smithy:3:5
[18:40:18] [WARNING] -: Use statement refers to undefined shape: alloy#simpleRestJson | Model /Users/tiffanymesser/Code/Scala/ScalaBookApi/bookapi/src/main/smithy/Books.smithy:4:5
[18:40:18] [WARNING] -: Use statement refers to undefined shape: alloy#simpleRestJson | Model /Users/tiffanymesser/Code/Scala/ScalaBookApi/bookapi/src/main/smithy/ExampleService.smithy:3:5
[18:40:18] [WARNING] -: Use statement refers to undefined shape: alloy#simpleRestJson | Model /Users/tiffanymesser/Code/Scala/ScalaBookApi/bookapi/target/scala-3.2.2/resource_managed/main/META-INF/smithy/Books.smithy:4:5
[18:40:18] [WARNING] book.smithy#BookApi: Unable to resolve trait `alloy#simpleRestJson`. If this is a custom trait, then it must be defined before it can be used in a model. | Model /Users/tiffanymesser/Code/Scala/ScalaBookApi/bookapi/src/main/smithy/Books.smithy:6:1
[18:40:18] [WARNING] book.smithy#HelloWorldService: Unable to resolve trait `alloy#simpleRestJson`. If this is a custom trait, then it must be defined before it can be used in a model. | Model /Users/tiffanymesser/Code/Scala/ScalaBookApi/bookapi/target/scala-3.2.2/resource_managed/main/META-INF/smithy/ExampleService.smithy:5:1
[18:40:18] Recompiling /Users/tiffanymesser/Code/Scala/ScalaBookApi/bookapi/src/main/smithy/Books.smithy (with temporary content Optional.empty) raised 14  diagnostics
[18:40:31] [NOTE] book.smithy#ForbiddenError: The structure shape is not connected to from any service shape. | UnreferencedShape /Users/tiffanymesser/Code/Scala/ScalaBookApi/bookapi/target/scala-3.2.2/resource_managed/main/META-INF/smithy/_globals.smithy:6:1
[18:40:31] [NOTE] book.smithy#StringSet: The list shape is not connected to from any service shape. | UnreferencedShape /Users/tiffanymesser/Code/Scala/ScalaBookApi/bookapi/target/scala-3.2.2/resource_managed/main/META-INF/smithy/_globals.smithy:33:1
[18:40:31] [NOTE] book.smithy#ConflictError: The structure shape is not connected to from any service shape. | UnreferencedShape /Users/tiffanymesser/Code/Scala/ScalaBookApi/bookapi/target/scala-3.2.2/resource_managed/main/META-INF/smithy/_globals.smithy:14:1
[18:40:31] [NOTE] book.smithy#IntegerList: The list shape is not connected to from any service shape. | UnreferencedShape /Users/tiffanymesser/Code/Scala/ScalaBookApi/bookapi/target/scala-3.2.2/resource_managed/main/META-INF/smithy/_globals.smithy:24:1
[18:40:31] [NOTE] book.smithy#StringList: The list shape is not connected to from any service shape. | UnreferencedShape /Users/tiffanymesser/Code/Scala/ScalaBookApi/bookapi/target/scala-3.2.2/resource_managed/main/META-INF/smithy/_globals.smithy:28:1
[18:40:31] [NOTE] book.smithy#NotFoundError: The structure shape is not connected to from any service shape. | UnreferencedShape /Users/tiffanymesser/Code/Scala/ScalaBookApi/bookapi/target/scala-3.2.2/resource_managed/main/META-INF/smithy/_globals.smithy:10:1
[18:40:31] [NOTE] book.smithy#RateLimitError: The structure shape is not connected to from any service shape. | UnreferencedShape /Users/tiffanymesser/Code/Scala/ScalaBookApi/bookapi/target/scala-3.2.2/resource_managed/main/META-INF/smithy/_globals.smithy:18:1
[18:40:31] [NOTE] book.smithy#InternalServiceErrror: The structure shape is not connected to from any service shape. | UnreferencedShape /Users/tiffanymesser/Code/Scala/ScalaBookApi/bookapi/target/scala-3.2.2/resource_managed/main/META-INF/smithy/_globals.smithy:22:1
[18:40:31] [WARNING] -: Use statement refers to undefined shape: alloy#simpleRestJson | Model /Users/tiffanymesser/Code/Scala/ScalaBookApi/bookapi/target/scala-3.2.2/resource_managed/main/META-INF/smithy/ExampleService.smithy:3:5
[18:40:31] [WARNING] -: Use statement refers to undefined shape: alloy#simpleRestJson | Model /Users/tiffanymesser/Code/Scala/ScalaBookApi/bookapi/target/scala-3.2.2/resource_managed/main/META-INF/smithy/Books.smithy:4:5
[18:40:31] [WARNING] book.smithy#BookApi: Unable to resolve trait `alloy#simpleRestJson`. If this is a custom trait, then it must be defined before it can be used in a model. | Model /Users/tiffanymesser/Code/Scala/ScalaBookApi/bookapi/target/scala-3.2.2/resource_managed/main/META-INF/smithy/Books.smithy:6:1
[18:40:31] [WARNING] book.smithy#HelloWorldService: Unable to resolve trait `alloy#simpleRestJson`. If this is a custom trait, then it must be defined before it can be used in a model. | Model /Users/tiffanymesser/Code/Scala/ScalaBookApi/bookapi/target/scala-3.2.2/resource_managed/main/META-INF/smithy/ExampleService.smithy:5:1
[18:40:31] Recompiling /Users/tiffanymesser/Code/Scala/ScalaBookApi/bookapi/src/main/scala/smithy/_globals.smithy (with temporary content Optional.empty) raised 12  diagnostics
[18:40:31] [NOTE] book.smithy#ForbiddenError: The structure shape is not connected to from any service shape. | UnreferencedShape /Users/tiffanymesser/Code/Scala/ScalaBookApi/bookapi/target/scala-3.2.2/resource_managed/main/META-INF/smithy/_globals.smithy:6:1
[18:40:31] [NOTE] book.smithy#StringSet: The list shape is not connected to from any service shape. | UnreferencedShape /Users/tiffanymesser/Code/Scala/ScalaBookApi/bookapi/target/scala-3.2.2/resource_managed/main/META-INF/smithy/_globals.smithy:33:1
[18:40:31] [NOTE] book.smithy#ConflictError: The structure shape is not connected to from any service shape. | UnreferencedShape /Users/tiffanymesser/Code/Scala/ScalaBookApi/bookapi/target/scala-3.2.2/resource_managed/main/META-INF/smithy/_globals.smithy:14:1
[18:40:31] [NOTE] book.smithy#IntegerList: The list shape is not connected to from any service shape. | UnreferencedShape /Users/tiffanymesser/Code/Scala/ScalaBookApi/bookapi/target/scala-3.2.2/resource_managed/main/META-INF/smithy/_globals.smithy:24:1
[18:40:31] [NOTE] book.smithy#StringList: The list shape is not connected to from any service shape. | UnreferencedShape /Users/tiffanymesser/Code/Scala/ScalaBookApi/bookapi/target/scala-3.2.2/resource_managed/main/META-INF/smithy/_globals.smithy:28:1
[18:40:31] [NOTE] book.smithy#NotFoundError: The structure shape is not connected to from any service shape. | UnreferencedShape /Users/tiffanymesser/Code/Scala/ScalaBookApi/bookapi/target/scala-3.2.2/resource_managed/main/META-INF/smithy/_globals.smithy:10:1
[18:40:31] [NOTE] book.smithy#RateLimitError: The structure shape is not connected to from any service shape. | UnreferencedShape /Users/tiffanymesser/Code/Scala/ScalaBookApi/bookapi/target/scala-3.2.2/resource_managed/main/META-INF/smithy/_globals.smithy:18:1
[18:40:31] [NOTE] book.smithy#InternalServiceErrror: The structure shape is not connected to from any service shape. | UnreferencedShape /Users/tiffanymesser/Code/Scala/ScalaBookApi/bookapi/target/scala-3.2.2/resource_managed/main/META-INF/smithy/_globals.smithy:22:1
[18:40:31] [WARNING] -: Use statement refers to undefined shape: alloy#simpleRestJson | Model /Users/tiffanymesser/Code/Scala/ScalaBookApi/bookapi/target/scala-3.2.2/resource_managed/main/META-INF/smithy/ExampleService.smithy:3:5
[18:40:31] [WARNING] -: Use statement refers to undefined shape: alloy#simpleRestJson | Model /Users/tiffanymesser/Code/Scala/ScalaBookApi/bookapi/target/scala-3.2.2/resource_managed/main/META-INF/smithy/Books.smithy:4:5
[18:40:31] [WARNING] -: Use statement refers to undefined shape: alloy#simpleRestJson | Model /Users/tiffanymesser/Code/Scala/ScalaBookApi/bookapi/src/main/scala/smithy/Books.smithy:4:5
[18:40:31] [WARNING] book.smithy#BookApi: Unable to resolve trait `alloy#simpleRestJson`. If this is a custom trait, then it must be defined before it can be used in a model. | Model /Users/tiffanymesser/Code/Scala/ScalaBookApi/bookapi/target/scala-3.2.2/resource_managed/main/META-INF/smithy/Books.smithy:6:1
[18:40:31] [WARNING] book.smithy#HelloWorldService: Unable to resolve trait `alloy#simpleRestJson`. If this is a custom trait, then it must be defined before it can be used in a model. | Model /Users/tiffanymesser/Code/Scala/ScalaBookApi/bookapi/target/scala-3.2.2/resource_managed/main/META-INF/smithy/ExampleService.smithy:5:1
[18:40:31] Recompiling /Users/tiffanymesser/Code/Scala/ScalaBookApi/bookapi/src/main/scala/smithy/Books.smithy (with temporary content Optional.empty) raised 13  diagnostics
